TMS320C2000 Assembler PC v22.6.0 Tue Dec 20 15:55:12 2022

Copyright (c) 1996-2018 Texas Instruments Incorporated
../libraries/DCL/DCL_DF22_C1.asm                                     PAGE    1

       1              ; DCL_DF22_C1.asm - Full Direct Form 2 implementation in second order
       2              ;
       3              ; Copyright (C) 2020 Texas Instruments Incorporated - http://www.ti.com/
       4              ; ALL RIGHTS RESERVED 
       5              
       6                        .if $defined(__TI_EABI__)
       7                              .if __TI_EABI__
       8                              .asg    DCL_runDF22_C1, _DCL_runDF22_C1
       9                              .endif
      10                    .endif
      11              
      12        0000  FASTCR_DF22_C1  .set    0               ; set to 1 to enable shadowed context save/restore
      13              
      14                              .global _DCL_runDF22_C1
      15              
      16 00000000                       .sect   "dclfuncs"
      17              
      18              ; C prototype: float DCL_runDF22_C1(DCL_DF22 *p, float32_t ek)
      19              ; argument 1 = *p : 32-bit ARMA structure address [XAR4]
      20              ; argument 2 = ek : 32-bit floating-point input [R0H]
      21              ; return = uk : 32-bit floating-point [R0H]
      22              
      23                              .align  2
      24              
      25 00000000       _DCL_runDF22_C1:
      26                              .asmfunc
      27                      .if FASTCR_DF22_C1 = 0
      28 00000000 E203                  MOV32           *SP++, R4H
         00000001 04BD 
      29 00000002 E203                  MOV32           *SP++, R5H
         00000003 05BD 
      30 00000004 E203                  MOV32           *SP++, R6H
         00000005 06BD 
      31 00000006 E203                  MOV32           *SP++, R7H
         00000007 07BD 
      32                      .else
      33                              SAVE
      34                      .endif
      35 00000008 E2AF                  MOV32           R2H, *XAR4++                    ; R2H = b0
         00000009 0284 
      36 0000000a E300                  MPYF32          R3H, R2H, R0H                   ; R3H = v0 = b0 * ek
         0000000b 9C84 
      37              ||              MOV32           R4H, *XAR4++                    ; R4H = b1
      38 0000000c E301                  MPYF32          R5H, R4H, R0H                   ; R5H = v1 = b1 * ek
         0000000d 2E84 
      39              ||              MOV32           R6H, *XAR4++                    ; R6H = b2
      40 0000000e E301                  MPYF32          R4H, R6H, R0H                   ; R4H = v2 = b2 * ek
         0000000f A784 
      41              ||              MOV32           R7H, *XAR4++                    ; R7H = a1
      42 00000010 E2AF                  MOV32           R0H, *XAR4++                    ; R0H = a2
         00000011 0084 
      43 00000012 E2AF                  MOV32           R6H, *XAR4++                    ; R6H = x1
         00000013 0684 
      44 00000014 E31C                  ADDF32          R1H, R3H, R6H                   ; R1H = uk = v0 + x1
         00000015 CAC4 
TMS320C2000 Assembler PC v22.6.0 Tue Dec 20 15:55:12 2022

Copyright (c) 1996-2018 Texas Instruments Incorporated
../libraries/DCL/DCL_DF22_C1.asm                                     PAGE    2

      45              ||              MOV32           R2H, *XAR4                              ; R2H = x2
      46 00000016 E710                  ADDF32          R5H, R5H, R2H                   ; R5H = v1 + x2
         00000017 00AD 
      47 00000018 E700                  MPYF32          R6H, R7H, R1H                   ; R6H = v3 = a1 * uk
         00000019 007E 
      48 0000001a E700                  MPYF32          R7H, R0H, R1H                   ; R7H = v4 = a2 * uk
         0000001b 0047 
      49 0000001c E720                  SUBF32          R5H, R5H, R6H                   ; R5H = x1d = v1 + x2 - v3
         0000001d 01AD 
      50 0000001e E720                  SUBF32          R6H, R4H, R7H                   ; R6H = x2d = v2 - v4
         0000001f 01E6 
      51 00000020 E6CE                  MOV32           R0H, R1H, UNC                   ; return uk
         00000021 0008 
      52 00000022 E203                  MOV32           *XAR4, R6H                              ; save x2
         00000023 06C4 
      53 00000024 E203                  MOV32           *--XAR4, R5H                    ; save x1
         00000025 058C 
      54                      .if FASTCR_DF22_C1 = 0
      55 00000026 E2AE              MOV32       R7H, *--SP, UNC
         00000027 07BE 
      56 00000028 E2AE              MOV32       R6H, *--SP, UNC
         00000029 06BE 
      57 0000002a E2AE                  MOV32           R5H, *--SP, UNC
         0000002b 05BE 
      58 0000002c E2AE              MOV32       R4H, *--SP, UNC
         0000002d 04BE 
      59                      .else
      60                              RESTORE
      61                      .endif
      62 0000002e 0006                  LRETR
      63                              .endasmfunc
      64              
      65                              .end

No Assembly Errors, No Assembly Warnings
